<?xml version="1.0" encoding="UTF-8"?>
<testsuite name="memory.MemoryFinderTest" tests="1" skipped="0" failures="0" errors="0" timestamp="2023-09-21T05:59:27" hostname="DESKTOP-KS6H8JR" time="0.085">
  <properties/>
  <testcase name="get()" classname="memory.MemoryFinderTest" time="0.085"/>
  <system-out><![CDATA[]]></system-out>
  <system-err><![CDATA[]]></system-err>
</testsuite>
