<?xml version="1.0" encoding="UTF-8"?>
<testsuite name="memory.MemoryFinderTest" tests="1" skipped="0" failures="0" errors="0" timestamp="2023-09-21T06:23:26" hostname="DESKTOP-KS6H8JR" time="0.093">
  <properties/>
  <testcase name="get()" classname="memory.MemoryFinderTest" time="0.093"/>
  <system-out><![CDATA[]]></system-out>
  <system-err><![CDATA[]]></system-err>
</testsuite>
